1630213817742	geckodriver	INFO	Listening on 127.0.0.1:53584
1630213820780	mozrunner::runner	INFO	Running command: "C:\\Program Files\\Mozilla Firefox\\firefox.exe" "--marionette" "-foreground" "-no-remote" "-profile" "C:\\Users\\yavsv\\AppData\\Local\\Temp\\rust_mozprofileoidJ2t"
1630213821111	Marionette	INFO	Marionette enabled
JavaScript error: resource://gre/modules/XULStore.jsm, line 66: Error: Can't find profile directory.
console.warn: SearchSettings: "get: No settings file exists, new profile?" (new NotFoundError("Could not open the file at C:\\Users\\yavsv\\AppData\\Local\\Temp\\rust_mozprofileoidJ2t\\search.json.mozlz4", (void 0)))
1630213823091	Marionette	INFO	Listening on port 53592
1630213823426	RemoteAgent	WARN	TLS certificate errors will be ignored for this session
console.error: services.settings: 
  main/doh-providers Signature failed  InvalidSignatureError: Invalid content signature (main/doh-providers)
console.error: services.settings: 
  main/doh-providers local data was corrupted
console.warn: services.settings: main/doh-providers Signature verified failed. Retry from scratch
console.error: services.settings: 
  main/doh-config Signature failed  InvalidSignatureError: Invalid content signature (main/doh-config)
console.error: services.settings: 
  main/doh-config local data was corrupted
console.warn: services.settings: main/doh-config Signature verified failed. Retry from scratch
console.log: WebExtensions: reset-default-search: starting.
console.log: WebExtensions: reset-default-search: No addons in our list are installed.
[Child 5212, MediaDecoderStateMachine #1] WARNING: 1246501bc80 Could not set cubeb stream name.: file /builds/worker/checkouts/gecko/dom/media/AudioStream.cpp:367
1630215206778	Marionette	INFO	Stopped listening on port 53592
JavaScript error: resource:///modules/Interactions.jsm, line 209: NS_ERROR_FAILURE: Component returned failure code: 0x80004005 (NS_ERROR_FAILURE) [nsIUserIdleService.removeIdleObserver]
JavaScript error: chrome://remote/content/marionette/cert.js, line 55: NS_ERROR_NOT_AVAILABLE: Component returned failure code: 0x80040111 (NS_ERROR_NOT_AVAILABLE) [nsICertOverrideService.setDisableAllSecurityChecksAndLetAttackersInterceptMyData]
1630215208812	geckodriver	INFO	Listening on 127.0.0.1:54088
1630215211884	mozrunner::runner	INFO	Running command: "C:\\Program Files\\Mozilla Firefox\\firefox.exe" "--marionette" "-foreground" "-no-remote" "-profile" "C:\\Users\\yavsv\\AppData\\Local\\Temp\\rust_mozprofilemLiQMn"
1630215212198	Marionette	INFO	Marionette enabled
JavaScript error: resource:///modules/BrowserGlue.jsm, line 1340: uncaught exception: undefined
console.warn: SearchSettings: "get: No settings file exists, new profile?" (new NotFoundError("Could not open the file at C:\\Users\\yavsv\\AppData\\Local\\Temp\\rust_mozprofilemLiQMn\\search.json.mozlz4", (void 0)))
1630215213120	Marionette	INFO	Listening on port 54096
1630215213426	RemoteAgent	WARN	TLS certificate errors will be ignored for this session
console.error: services.settings: 
  main/doh-providers Signature failed  InvalidSignatureError: Invalid content signature (main/doh-providers)
console.error: services.settings: 
  main/doh-providers local data was corrupted
console.warn: services.settings: main/doh-providers Signature verified failed. Retry from scratch
console.error: services.settings: 
  main/doh-config Signature failed  InvalidSignatureError: Invalid content signature (main/doh-config)
console.error: services.settings: 
  main/doh-config local data was corrupted
console.warn: services.settings: main/doh-config Signature verified failed. Retry from scratch
console.warn: "Resource  of root-node was not found."
1630216328211	Marionette	INFO	Stopped listening on port 54096
JavaScript error: resource:///modules/Interactions.jsm, line 209: NS_ERROR_FAILURE: Component returned failure code: 0x80004005 (NS_ERROR_FAILURE) [nsIUserIdleService.removeIdleObserver]
JavaScript error: chrome://remote/content/marionette/cert.js, line 55: NS_ERROR_NOT_AVAILABLE: Component returned failure code: 0x80040111 (NS_ERROR_NOT_AVAILABLE) [nsICertOverrideService.setDisableAllSecurityChecksAndLetAttackersInterceptMyData]
rofile?" (new NotFoundError("Could not open the file at C:\\Users\\yavsv\\AppData\\Local\\Temp\\rust_mozprofilebuFa88\\search.json.mozlz4", (void 0)))
1630216327638	Marionette	INFO	Listening on port 54381
1630216327661	RemoteAgent	WARN	TLS certificate errors will be ignored for this session
console.error: "Error while calling actor 'pagestyle's method 'getLayout'" "node is null"
console.error: (new TypeError("node is null", "resource://devtools/server/actors/page-style.js", 1001))
console.error: (new TypeError("container.node.targetFront is null", "resource://devtools/client/inspector/markup/markup.js", 2309))
console.error: (new Error("Protocol error (TypeError): node is null from: server0.conn0.child4/pagestyle25 (resource://devtools/server/actors/page-style.js:1001:5)", "resource://devtools/shared/protocol/Front.js", 362))
1630216642920	Marionette	INFO	Stopped listening on port 54381
JavaScript error: resource:///modules/Interactions.jsm, line 209: NS_ERROR_FAILURE: Component returned failure code: 0x80004005 (NS_ERROR_FAILURE) [nsIUserIdleService.removeIdleObserver]
JavaScript error: chrome://remote/content/marionette/cert.js, line 55: NS_ERROR_NOT_AVAILABLE: Component returned failure code: 0x80040111 (NS_ERROR_NOT_AVAILABLE) [nsICertOverrideService.setDisableAllSecurityChecksAndLetAttackersInterceptMyData]

###!!! [Parent][RunMessage] Error: Channel closing: too late to send/recv, messages will be lost

1630216775004	geckodriver	INFO	Listening on 127.0.0.1:54529
1630216778060	mozrunner::runner	INFO	Running command: "C:\\Program Files\\Mozilla Firefox\\firefox.exe" "--marionette" "-foreground" "-no-remote" "-profile" "C:\\Users\\yavsv\\AppData\\Local\\Temp\\rust_mozprofileEXNqjA"
1630216778378	Marionette	INFO	Marionette enabled
JavaScript error: resource:///modules/BrowserGlue.jsm, line 1340: uncaught exception: undefined
console.warn: SearchSettings: "get: No settings file exists, new profile?" (new NotFoundError("Could not open the file at C:\\Users\\yavsv\\AppData\\Local\\Temp\\rust_mozprofileEXNqjA\\search.json.mozlz4", (void 0)))
1630216779369	Marionette	INFO	Listening on port 54537
1630216779607	RemoteAgent	WARN	TLS certificate errors will be ignored for this session
console.error: services.settings: 
  main/doh-providers Signature failed  InvalidSignatureError: Invalid content signature (main/doh-providers)
console.error: services.settings: 
  main/doh-providers local data was corrupted
console.warn: services.settings: main/doh-providers Signature verified failed. Retry from scratch
console.error: services.settings: 
  main/doh-config Signature failed  InvalidSignatureError: Invalid content signature (main/doh-config)
console.error: services.settings: 
  main/doh-config local data was corrupted
console.warn: services.settings: main/doh-config Signature verified failed. Retry from scratch
1630218365562	Marionette	INFO	Stopped listening on port 54537
JavaScript error: resource:///modules/Interactions.jsm, line 209: NS_ERROR_FAILURE: Component returned failure code: 0x80004005 (NS_ERROR_FAILURE) [nsIUserIdleService.removeIdleObserver]
JavaScript error: chrome://remote/content/marionette/cert.js, line 55: NS_ERROR_NOT_AVAILABLE: Component returned failure code: 0x80040111 (NS_ERROR_NOT_AVAILABLE) [nsICertOverrideService.setDisableAllSecurityChecksAndLetAttackersInterceptMyData]
1630218436392	geckodriver	INFO	Listening on 127.0.0.1:54698
1630218439448	mozrunner::runner	INFO	Running command: "C:\\Program Files\\Mozilla Firefox\\firefox.exe" "--marionette" "-foreground" "-no-remote" "-profile" "C:\\Users\\yavsv\\AppData\\Local\\Temp\\rust_mozprofilepVVk9M"
1630218439779	Marionette	INFO	Marionette enabled
JavaScript error: resource://gre/modules/XULStore.jsm, line 66: Error: Can't find profile directory.
console.warn: SearchSettings: "get: No settings file exists, new profile?" (new NotFoundError("Could not open the file at C:\\Users\\yavsv\\AppData\\Local\\Temp\\rust_mozprofilepVVk9M\\search.json.mozlz4", (void 0)))
1630218441808	Marionette	INFO	Listening on port 54708
1630218442123	RemoteAgent	WARN	TLS certificate errors will be ignored for this session
1630218765318	Marionette	INFO	Stopped listening on port 54708
JavaScript error: resource:///modules/Interactions.jsm, line 209: NS_ERROR_FAILURE: Component returned failure code: 0x80004005 (NS_ERROR_FAILURE) [nsIUserIdleService.removeIdleObserver]

###!!! [Parent][RunMessage] Error: Channel closing: too late to send/recv, messages will be lost

urce://gre/modules/XULStore.jsm, line 66: Error: Can't find profile directory.
console.warn: SearchSettings: "get: No settings file exists, new profile?" (new NotFoundError("Could not open the file at C:\\Users\\yavsv\\AppData\\Local\\Temp\\rust_mozprofileU7FvDh\\search.json.mozlz4", (void 0)))
1630218577668	Marionette	INFO	Listening on port 54873
1630218577902	RemoteAgent	WARN	TLS certificate errors will be ignored for this session
1630218764477	Marionette	INFO	Stopped listening on port 54873
JavaScript error: resource:///modules/Interactions.jsm, line 209: NS_ERROR_FAILURE: Component returned failure code: 0x80004005 (NS_ERROR_FAILURE) [nsIUserIdleService.removeIdleObserver]

###!!! [Parent][RunMessage] Error: Channel closing: too late to send/recv, messages will be lost

urce://gre/modules/XULStore.jsm, line 66: Error: Can't find profile directory.
console.warn: SearchSettings: "get: No settings file exists, new profile?" (new NotFoundError("Could not open the file at C:\\Users\\yavsv\\AppData\\Local\\Temp\\rust_mozprofilelHAeaw\\search.json.mozlz4", (void 0)))
1630218604648	Marionette	INFO	Listening on port 55004
1630218604718	RemoteAgent	WARN	TLS certificate errors will be ignored for this session
1630218763560	Marionette	INFO	Stopped listening on port 55004
JavaScript error: resource:///modules/Interactions.jsm, line 209: NS_ERROR_FAILURE: Component returned failure code: 0x80004005 (NS_ERROR_FAILURE) [nsIUserIdleService.removeIdleObserver]
1630218820566	geckodriver	INFO	Listening on 127.0.0.1:55165
1630218823608	mozrunner::runner	INFO	Running command: "C:\\Program Files\\Mozilla Firefox\\firefox.exe" "--marionette" "-foreground" "-no-remote" "-profile" "C:\\Users\\yavsv\\AppData\\Local\\Temp\\rust_mozprofileakVsdG"
1630218823931	Marionette	INFO	Marionette enabled
JavaScript error: resource:///modules/BrowserGlue.jsm, line 1340: uncaught exception: undefined
console.warn: SearchSettings: "get: No settings file exists, new profile?" (new NotFoundError("Could not open the file at C:\\Users\\yavsv\\AppData\\Local\\Temp\\rust_mozprofileakVsdG\\search.json.mozlz4", (void 0)))
1630218824834	Marionette	INFO	Listening on port 55173
1630218825149	RemoteAgent	WARN	TLS certificate errors will be ignored for this session
console.error: services.settings: 
  main/doh-providers Signature failed  InvalidSignatureError: Invalid content signature (main/doh-providers)
console.error: services.settings: 
  main/doh-providers local data was corrupted
console.warn: services.settings: main/doh-providers Signature verified failed. Retry from scratch
console.error: services.settings: 
  main/doh-config Signature failed  InvalidSignatureError: Invalid content signature (main/doh-config)
console.error: services.settings: 
  main/doh-config local data was corrupted
console.warn: services.settings: main/doh-config Signature verified failed. Retry from scratch
1630220643926	Marionette	INFO	Stopped listening on port 55173
JavaScript error: resource:///modules/Interactions.jsm, line 209: NS_ERROR_FAILURE: Component returned failure code: 0x80004005 (NS_ERROR_FAILURE) [nsIUserIdleService.removeIdleObserver]
JavaScript error: chrome://remote/content/marionette/cert.js, line 55: NS_ERROR_NOT_AVAILABLE: Component returned failure code: 0x80040111 (NS_ERROR_NOT_AVAILABLE) [nsICertOverrideService.setDisableAllSecurityChecksAndLetAttackersInterceptMyData]
IPDL protocol error: Handler returned error code!

###!!! [Parent][DispatchAsyncMessage] Error: PLayerTransaction::Msg_ReleaseLayer Processing error: message was deserialized, but the handler returned false (indicating failure)

IPDL protocol error: Handler returned error code!

###!!! [Parent][DispatchAsyncMessage] Error: PLayerTransaction::Msg_ReleaseLayer Processing error: message was deserialized, but the handler returned false (indicating failure)

IPDL protocol error: Handler returned error code!

###!!! [Parent][DispatchAsyncMessage] Error: PLayerTransaction::Msg_ReleaseLayer Processing error: message was deserialized, but the handler returned false (indicating failure)

IPDL protocol error: Handler returned error code!

###!!! [Parent][DispatchAsyncMessage] Error: PLayerTransaction::Msg_ReleaseLayer Processing error: message was deserialized, but the handler returned false (indicating failure)

IPDL protocol error: Handler returned error code!

###!!! [Parent][DispatchAsyncMessage] Error: PLayerTransaction::Msg_ReleaseLayer Processing error: mess1630220644307	Marionette	INFO	Stopped listening on port 55324
JavaScript error: resource:///modules/Interactions.jsm, line 209: NS_ERROR_FAILURE: Component returned failure code: 0x80004005 (NS_ERROR_FAILURE) [nsIUserIdleService.removeIdleObserver]

###!!! [Parent][RunMessage] Error: Channel closing: too late to send/recv, messages will be lost

 code!

###!!! [Parent][DispatchAsyncMessage] Error: PLayerTransaction::Msg_ReleaseLayer Processing error: message was deserialized, but the handler returned false (indicating failure)

IPDL protocol error: Handler returned error code!

###!!! [Parent][DispatchAsyncMessage] Error: PLayerTransaction::Msg_ReleaseLayer Processing error: message was deserialized, but the handler returned false (indicating failure)

IPDL protocol erro1630220644827	Marionette	INFO	Stopped listening on port 55502
JavaScript error: resource:///modules/Interactions.jsm, line 209: NS_ERROR_FAILURE: Component returned failure code: 0x80004005 (NS_ERROR_FAILURE) [nsIUserIdleService.removeIdleObserver]

###!!! [Parent][RunMessage] Error: Channel closing: too late to send/recv, messages will be lost

essing error: message was deserialized, but the handler returned false (indicating failure)

IPDL protocol error: Handler returned error code!

###!!! [Parent][DispatchAsyncMessage] Error: PLayerTransaction::Msg_ReleaseLayer Processing error: message was deserialized, but the handler returned false (indicating failure)

IPDL protocol error: Handler returned error code!

###!!! [Parent][DispatchAsyncMessage] Error: PLayerTransaction::Msg_ReleaseLayer Processing error: message was deserialized, but the handler returned false (indicating failure)

IPDL protocol error: Handler returned error code!

###!!! [Parent][DispatchAsyncMessage] Error: PLayerTransaction::Msg_ReleaseLayer Processing error: message was deserialized, but the handler returned false (indicating failure)

IPDL protocol error: Handler returned error code!

###!!! [Parent][DispatchAsyncMessage] Error: PLayerTransaction::Msg_ReleaseLayer Processing error: message was deserialized, but the handler returned false (indicating failure)

set-default-search: No addons in our list are installed.
11630220645646	Marionette	INFO	Stopped listening on port 55911
JavaScript error: resource:///modules/Interactions.jsm, line 209: NS_ERROR_FAILURE: Component returned failure code: 0x80004005 (NS_ERROR_FAILURE) [nsIUserIdleService.removeIdleObserver]

###!!! [Parent][RunMessage] Error: Channel closing: too late to send/recv, messages will be lost

urce://gre/modules/XULStore.jsm, line 66: Error: Can't find profile directory.
console.warn: SearchSettings: "get: No settings file exists, new profile?" (new NotFoundError("Could not open the file at C:\\Users\\yavsv\\AppData\\Local\\Temp\\rust_mozprofileBL7Q3J\\search.json.mozlz4", (void 0)))
1630220580764	Marionette	INFO	Listening on port 56078
1630220581064	RemoteAgent	WARN	TLS certificate errors will be ignored for this session
1630220646045	Marionette	INFO	Stopped listening on port 56078
JavaScript error: resource:///modules/Interactions.jsm, line 209: NS_ERROR_FAILURE: Component returned failure code: 0x80004005 (NS_ERROR_FAILURE) [nsIUserIdleService.removeIdleObserver]

###!!! [Parent][RunMessage] Error: Channel closing: too late to send/recv, messages will be lost

urce://gre/modules/XULStore.jsm, line 66: Error: Can't find profile directory.
console.warn: SearchSettings: "get: No settings file exists, new profile?" (new NotFoundError("Could not open the file at C:\\Users\\yavsv\\AppData\\Local\\Temp\\rust_mozprofilex7z4ar\\search.json.mozlz4", (void 0)))
1630220645813	Marionette	INFO	Listening on port 56243
1630220646283	RemoteAgent	WARN	TLS certificate errors will be ignored for this session
1630220806695	Marionette	INFO	Stopped listening on port 56243
JavaScript error: resource:///modules/Interactions.jsm, line 209: NS_ERROR_FAILURE: Component returned failure code: 0x80004005 (NS_ERROR_FAILURE) [nsIUserIdleService.removeIdleObserver]

###!!! [Parent][RunMessage] Error: Channel closing: too late to send/recv, messages will be lost

urce://gre/modules/XULStore.jsm, line 66: Error: Can't find profile directory.
console.warn: SearchSettings: "get: No settings file exists, new profile?" (new NotFoundError("Could not open the file at C:\\Users\\yavsv\\AppData\\Local\\Temp\\rust_mozprofile4zx6Y5\\search.json.mozlz4", (void 0)))
1630220754486	Marionette	INFO	Listening on port 56418
1630220754788	RemoteAgent	WARN	TLS certificate errors will be ignored for this session
1630220807082	Marionette	INFO	Stopped listening on port 56418
JavaScript error: resource:///modules/Interactions.jsm, line 209: NS_ERROR_FAILURE: Component returned failure code: 0x80004005 (NS_ERROR_FAILURE) [nsIUserIdleService.removeIdleObserver]

###!!! [Parent][RunMessage] Error: Channel closing: too late to send/recv, messages will be lost

1630220823850	geckodriver	INFO	Listening on 127.0.0.1:56575
1630220826899	mozrunner::runner	INFO	Running command: "C:\\Program Files\\Mozilla Firefox\\firefox.exe" "--marionette" "-foreground" "-no-remote" "-profile" "C:\\Users\\yavsv\\AppData\\Local\\Temp\\rust_mozprofileY7f8y0"
1630220827231	Marionette	INFO	Marionette enabled
JavaScript error: resource://gre/modules/XULStore.jsm, line 66: Error: Can't find profile directory.
console.warn: SearchSettings: "get: No settings file exists, new profile?" (new NotFoundError("Could not open the file at C:\\Users\\yavsv\\AppData\\Local\\Temp\\rust_mozprofileY7f8y0\\search.json.mozlz4", (void 0)))
1630220829176	Marionette	INFO	Listening on port 56583
1630220829544	RemoteAgent	WARN	TLS certificate errors will be ignored for this session
1630220998315	Marionette	INFO	Stopped listening on port 56583
JavaScript error: resource:///modules/Interactions.jsm, line 209: NS_ERROR_FAILURE: Component returned failure code: 0x80004005 (NS_ERROR_FAILURE) [nsIUserIdleService.removeIdleObserver]

###!!! [Parent][RunMessage] Error: Channel closing: too late to send/recv, messages will be lost

1630220999661	geckodriver	INFO	Listening on 127.0.0.1:56768
1630221002749	mozrunner::runner	INFO	Running command: "C:\\Program Files\\Mozilla Firefox\\firefox.exe" "--marionette" "-foreground" "-no-remote" "-profile" "C:\\Users\\yavsv\\AppData\\Local\\Temp\\rust_mozprofileLWEWnV"
1630221003073	Marionette	INFO	Marionette enabled
JavaScript error: resource://gre/modules/XULStore.jsm, line 66: Error: Can't find profile directory.
console.warn: SearchSettings: "get: No settings file exists, new profile?" (new NotFoundError("Could not open the file at C:\\Users\\yavsv\\AppData\\Local\\Temp\\rust_mozprofileLWEWnV\\search.json.mozlz4", (void 0)))
1630221005105	Marionette	INFO	Listening on port 56776
1630221005407	RemoteAgent	WARN	TLS certificate errors will be ignored for this session
console.error: services.settings: 
  main/doh-providers Signature failed  InvalidSignatureError: Invalid content signature (main/doh-providers)
console.error: services.settings: 
  main/doh-providers local data was corrupted
console.warn: services.settings: main/doh-providers Signature verified failed. Retry from scratch
console.error: services.settings: 
  main/doh-config Signature failed  InvalidSignatureError: Invalid content signature (main/doh-config)
console.error: services.settings: 
  main/doh-config local data was corrupted
console.warn: services.settings: main/doh-config Signature verified failed. Retry from scratch
console.log: WebExtensions: reset-default-search: starting.
console.log: WebExtensions: reset-default-search: No addons in our list are installed.
1630221709899	Marionette	INFO	Stopped listening on port 56776
JavaScript error: resource:///modules/Interactions.jsm, line 209: NS_ERROR_FAILURE: Component returned failure code: 0x80004005 (NS_ERROR_FAILURE) [nsIUserIdleService.removeIdleObserver]

###!!! [Parent][RunMessage] Error: Channel closing: too late to send/recv, messages will be lost

62	Marionette	INFO	Marionette enabled
JavaScript error: resource://gre/modules/XULStore.jsm, line 66: Error: Can't find profile directory.
console.warn: SearchSettings: "get: No settings file exists, new profile?" (new NotFoundError("Could not open the file at C:\\Users\\yavsv\\AppData\\Local\\Temp\\rust_mozprofile6MpU9i\\search.json.mozlz4", (void 0)))
1630221448258	Marionette	INFO	Listening on port 57089
1630221448321	RemoteAgent	WARN	TLS certificate errors will be ignored for this session
1630221710339	Marionette	INFO	Stopped listening on port 57089
JavaScript error: resource:///modules/Interactions.jsm, line 209: NS_ERROR_FAILURE: Component returned failure code: 0x80004005 (NS_ERROR_FAILURE) [nsIUserIdleService.removeIdleObserver]

###!!! [Parent][RunMessage] Error: Channel closing: too late to send/recv, messages will be lost

urce://gre/modules/XULStore.jsm, line 66: Error: Can't find profile directory.
console.warn: SearchSettings: "get: No settings file exists, new profile?" (new NotFoundError("Could not open the file at C:\\Users\\yavsv\\AppData\\Local\\Temp\\rust_mozprofileRgk2L6\\search.json.mozlz4", (void 0)))
1630221500502	Marionette	INFO	Listening on port 57249
1630221500535	RemoteAgent	WARN	TLS certificate errors will be ignored for this session
1630221710704	Marionette	INFO	Stopped listening on port 57249
JavaScript error: resource:///modules/Interactions.jsm, line 209: NS_ERROR_FAILURE: Component returned failure code: 0x80004005 (NS_ERROR_FAILURE) [nsIUserIdleService.removeIdleObserver]

###!!! [Parent][RunMessage] Error: Channel closing: too late to send/recv, messages will be lost

urce://gre/modules/XULStore.jsm, line 66: Error: Can't find profile directory.
console.warn: SearchSettings: "get: No settings file exists, new profile?" (new NotFoundError("Could not open the file at C:\\Users\\yavsv\\AppData\\Local\\Temp\\rust_mozprofileXzFO9i\\search.json.mozlz4", (void 0)))
1630221605990	Marionette	INFO	Listening on port 57418
1630221606034	RemoteAgent	WARN	TLS certificate errors will be ignored for this session
1630221711125	Marionette	INFO	Stopped listening on port 57418
JavaScript error: resource:///modules/Interactions.jsm, line 209: NS_ERROR_FAILURE: Component returned failure code: 0x80004005 (NS_ERROR_FAILURE) [nsIUserIdleService.removeIdleObserver]

###!!! [Parent][RunMessage] Error: Channel closing: too late to send/recv, messages will be lost

urce://gre/modules/XULStore.jsm, line 66: Error: Can't find profile directory.
console.warn: SearchSettings: "get: No settings file exists, new profile?" (new NotFoundError("Could not open the file at C:\\Users\\yavsv\\AppData\\Local\\Temp\\rust_mozprofiledgqtjN\\search.json.mozlz4", (void 0)))
1630221665593	Marionette	INFO	Listening on port 57584
1630221665854	RemoteAgent	WARN	TLS certificate errors will be ignored for this session
1630221711610	Marionette	INFO	Stopped listening on port 57584
JavaScript error: resource:///modules/Interactions.jsm, line 209: NS_ERROR_FAILURE: Component returned failure code: 0x80004005 (NS_ERROR_FAILURE) [nsIUserIdleService.removeIdleObserver]
[Parent 14452, IPC I/O Parent] WARNING: file /builds/worker/checkouts/gecko/ipc/chromium/src/base/process_util_win.cc:167

###!!! [Parent][RunMessage] Error: Channel closing: too late to send/recv, messages will be lost

1630221874554	geckodriver	INFO	Listening on 127.0.0.1:57791
1630221877632	mozrunner::runner	INFO	Running command: "C:\\Program Files\\Mozilla Firefox\\firefox.exe" "--marionette" "-foreground" "-no-remote" "-profile" "C:\\Users\\yavsv\\AppData\\Local\\Temp\\rust_mozprofileCtYsxk"
1630221877969	Marionette	INFO	Marionette enabled
JavaScript error: resource://gre/modules/XULStore.jsm, line 66: Error: Can't find profile directory.
console.warn: SearchSettings: "get: No settings file exists, new profile?" (new NotFoundError("Could not open the file at C:\\Users\\yavsv\\AppData\\Local\\Temp\\rust_mozprofileCtYsxk\\search.json.mozlz4", (void 0)))
1630221879931	Marionette	INFO	Listening on port 57799
1630221880292	RemoteAgent	WARN	TLS certificate errors will be ignored for this session
1630222146825	Marionette	INFO	Stopped listening on port 57791630222147990	mozrunner::runner	INFO	Running command: "C:\\Program Files\\Mozilla Firefox\\firefox.exe" "--marionette" "-foreground" "-no-remote" "-profile" "C:\\Users\\yavsv\\AppData\\Local\\Temp\\rust_mozprofileWSOcyG"
1630222148332	Marionette	INFO	Marionette enabled
JavaScript error: resource://gre/modules/XULStore.jsm, line 66: Error: Can't find profile directory.
console.warn: SearchSettings: "get: No settings file exists, new profile?" (new NotFoundError("Could not open the file at C:\\Users\\yavsv\\AppData\\Local\\Temp\\rust_mozprofileWSOcyG\\search.json.mozlz4", (void 0)))
1630222150315	Marionette	INFO	Listening on port 57988
1630222150659	RemoteAgent	WARN	TLS certificate errors will be ignored for this session
1630222311342	Marionette	INFO	Stopped listening on port 57988
JavaScript error: resource:///modules/Interactions.jsm, line 209: NS_ERROR_FAILURE: Component returned failure code: 0x80004005 (NS_ERROR_FAILURE) [nsIUserIdleService.removeIdleObserver]
\Temp\\rust_mozprofileuml8kF"
1630222186296	Marionette	INFO	Marionette enabled
JavaScript error: resource://gre/modules/XULStore.jsm, line 66: Error: Can't find profile directory.
console.warn: SearchSettings: "get: No settings file exists, new profile?" (new NotFoundError("Could not open the file at C:\\Users\\yavsv\\AppData\\Local\\Temp\\rust_mozprofileuml8kF\\search.json.mozlz4", (void 0)))
1630222188223	Marionette	INFO	Listening on port 58110
1630222188608	RemoteAgent	WARN	TLS certificate errors will be ignored for this session
1630222311788	Marionette	INFO	Stopped listening on port 58110
JavaScript error: resource:///modules/Interactions.jsm, line 209: NS_ERROR_FAILURE: Component returned failure code: 0x80004005 (NS_ERROR_FAILURE) [nsIUserIdleService.removeIdleObserver]

###!!! [Parent][RunMessage] Error: Channel closing: too late to send/recv, messages will be lost

urce://gre/modules/XULStore.jsm, line 66: Error: Can't find profile directory.
console.warn: SearchSettings: "get: No settings file exists, new profile?" (new NotFoundError("Could not open the file at C:\\Users\\yavsv\\AppData\\Local\\Temp\\rust_mozprofilechQqJ4\\search.json.mozlz4", (void 0)))
1630222255692	Marionette	INFO	Listening on port 58257
1630222255990	RemoteAgent	WARN	TLS certificate errors will be ignored for this session
1630222309486	Marionette	INFO	Stopped listening on port 58257
JavaScript error: resource:///modules/Interactions.jsm, line 209: NS_ERROR_FAILURE: Component returned failure code: 0x80004005 (NS_ERROR_FAILURE) [nsIUserIdleService.removeIdleObserver]
1630222432028	geckodriver	INFO	Listening on 127.0.0.1:58416
1630222435064	mozrunner::runner	INFO	Running command: "C:\\Program Files\\Mozilla Firefox\\firefox.exe" "--marionette" "-foreground" "-no-remote" "-profile" "C:\\Users\\yavsv\\AppData\\Local\\Temp\\rust_mozprofileO9UsfF"
1630222435398	Marionette	INFO	Marionette enabled
JavaScript error: resource://gre/modules/XULStore.jsm, line 66: Error: Can't find profile directory.
console.warn: SearchSettings: "get: No settings file exists, new profile?" (new NotFoundError("Could not open the file at C:\\Users\\yavsv\\AppData\\Local\\Temp\\rust_mozprofileO9UsfF\\search.json.mozlz4", (void 0)))
1630222437321	Marionette	INFO	Listening on port 58424
1630222437715	RemoteAgent	WARN	TLS certificate errors will be ignored for this session
1630222654553	Marionette	INFO	Stopped listening on port 58424
JavaScript error: resource:///modules/Interactions.jsm, line 209: NS_ERROR_FAILURE: Component returned failure code: 0x80004005 (NS_ERROR_FAILURE) [nsIUserIdleService.removeIdleObserver]

###!!! [Parent][RunMessage] Error: Channel closing: too late to send/recv, messages will be lost

urce://gre/modules/XULStore.jsm, line 66: Error: Can't find profile directory.
console.warn: SearchSettings: "get: No settings file exists, new profile?" (new NotFoundError("Could not open the file at C:\\Users\\yavsv\\AppData\\Local\\Temp\\rust_mozprofileFN8pw2\\search.json.mozlz4", (void 0)))
1630222610659	Marionette	INFO	Listening on port 58560
1630222610709	RemoteAgent	WARN	TLS certificate errors will be ignored for this session
1630222655208	Marionette	INFO	Stopped listening on port 58560
JavaScript error: resource:///modules/Interactions.jsm, line 209: NS_ERROR_FAILURE: Component returned failure code: 0x80004005 (NS_ERROR_FAILURE) [nsIUserIdleService.removeIdleObserver]

###!!! [Parent][RunMessage] Error: Channel closing: too late to send/recv, messages will be lost

urce://gre/modules/XULStore.jsm, line 66: Error: Can't find profile directory.
console.warn: SearchSettings: "get: No settings file exists, new profile?" (new NotFoundError("Could not open the file at C:\\Users\\yavsv\\AppData\\Local\\Temp\\rust_mozprofileTftsUB\\search.json.mozlz4", (void 0)))
1630222654505	Marionette	INFO	Listening on port 58684
1630222654527	RemoteAgent	WARN	TLS certificate errors will be ignored for this session
1630222717500	Marionette	INFO	Stopped listening on port 58684
JavaScript error: resource:///modules/Interactions.jsm, line 209: NS_ERROR_FAILURE: Component returned failure code: 0x80004005 (NS_ERROR_FAILURE) [nsIUserIdleService.removeIdleObserver]

###!!! [Parent][RunMessage] Error: Channel closing: too late to send/recv, messages will be lost

urce://gre/modules/XULStore.jsm, line 66: Error: Can't find profile directory.
console.warn: SearchSettings: "get: No settings file exists, new profile?" (new NotFoundError("Could not open the file at C:\\Users\\yavsv\\AppData\\Local\\Temp\\rust_mozprofilePM3WOD\\search.json.mozlz4", (void 0)))
1630222716740	Marionette	INFO	Listening on port 58819
1630222717051	RemoteAgent	WARN	TLS certificate errors will be ignored for this session
1630222977009	Marionette	INFO	Stopped listening on port 58819
JavaScript error: resource:///modules/Interactions.jsm, line 209: NS_ERROR_FAILURE: Component returned failure code: 0x80004005 (NS_ERROR_FAILURE) [nsIUserIdleService.removeIdleObserver]

###!!! [Parent][RunMessage] Error: Channel closing: too late to send/recv, messages will be lost

urce://gre/modules/XULStore.jsm, line 66: Error: Can't find profile directory.
console.warn: SearchSettings: "get: No settings file exists, new profile?" (new NotFoundError("Could not open the file at C:\\Users\\yavsv\\AppData\\Local\\Temp\\rust_mozprofilek7pwcf\\search.json.mozlz4", (void 0)))
1630222747276	Marionette	INFO	Listening on port 58944
1630222747294	RemoteAgent	WARN	TLS certificate errors will be ignored for this session
1630222977418	Marionette	INFO	Stopped listening on port 58944
JavaScript error: resource:///modules/Interactions.jsm, line 209: NS_ERROR_FAILURE: Component returned failure code: 0x80004005 (NS_ERROR_FAILURE) [nsIUserIdleService.removeIdleObserver]

###!!! [Parent][RunMessage] Error: Channel closing: too late to send/recv, messages will be lost

urce://gre/modules/XULStore.jsm, line 66: Error: Can't find profile directory.
console.warn: SearchSettings: "get: No settings file exists, new profile?" (new NotFoundError("Could not open the file at C:\\Users\\yavsv\\AppData\\Local\\Temp\\rust_mozprofiley7Fx5r\\search.json.mozlz4", (void 0)))
1630222787186	Marionette	INFO	Listening on port 59076
1630222787237	RemoteAgent	WARN	TLS certificate errors will be ignored for this session
1630222897720	geckodriver	INFO	Listening on 127.0.0.1:59184
1630222900777	mozrunner::runner	INFO	Running command: "C:\\Program Files\\Mozilla Firefox\\firefox.exe" "--marionette" "-foreground" "-no-remote" "-profile" "C:\\Users\\yavsv\\AppData\\Local\\Temp\\rust_mozprofile8dQhh2"
1630222901110	Marionette	INFO	Marionette enabled
JavaScript error: resource://gre/modules/XULStore.jsm, line 66: Error: Can't find profile directory.
console.warn: SearchSettings: "get: No settings file exists, new profile?" (new NotFoundError("Could not open the file at C:\\Users\\yavsv\\AppData\\Local\\Temp\\rust_mozprofile8dQhh2\\search.json.mozlz4", (void 0)))
1630222902773	Marionette	INFO	Listening on port 59192
1630222902818	RemoteAgent	WARN	TLS certificate errors will be ignored for this session
1630222977855	Marionette	INFO	Stopped listening on port 59192
JavaScript error: resource:///modules/Interactions.jsm, line 209: NS_ERROR_FAILURE: Component returned failure code: 0x80004005 (NS_ERROR_FAILURE) [nsIUserIdleService.removeIdleObserver]

###!!! [Parent][RunMessage] Error: Channel closing: too late to send/recv, messages will be lost

urce://gre/modules/XULStore.jsm, line 66: Error: Can't find profile directory.
console.warn: SearchSettings: "get: No settings file exists, new profile?" (new NotFoundError("Could not open the file at C:\\Users\\yavsv\\AppData\\Local\\Temp\\rust_mozprofilejD0RVa\\search.json.mozlz4", (void 0)))
1630222974439	Marionette	INFO	Listening on port 59327
1630222974957	RemoteAgent	WARN	TLS certificate errors will be ignored for this session
1630223022729	Marionette	INFO	Stopped listening on port 59327
JavaScript error: resource:///modules/Interactions.jsm, line 209: NS_ERROR_FAILURE: Component returned failure code: 0x80004005 (NS_ERROR_FAILURE) [nsIUserIdleService.removeIdleObserver]

###!!! [Parent][RunMessage] Error: Channel closing: too late to send/recv, messages will be lost

1630223035449	geckodriver	INFO	Listening on 127.0.0.1:59475
1630223038491	mozrunner::runner	INFO	Running command: "C:\\Program Files\\Mozilla Firefox\\firefox.exe" "--marionette" "-foreground" "-no-remote" "-profile" "C:\\Users\\yavsv\\AppData\\Local\\Temp\\rust_mozprofile8SXkJY"
1630223038825	Marionette	INFO	Marionette enabled
JavaScript error: resource://gre/modules/XULStore.jsm, line 66: Error: Can't find profile directory.
console.warn: SearchSettings: "get: No settings file exists, new profile?" (new NotFoundError("Could not open the file at C:\\Users\\yavsv\\AppData\\Local\\Temp\\rust_mozprofile8SXkJY\\search.json.mozlz4", (void 0)))
1630223040855	Marionette	INFO	Listening on port 59483
1630223041165	RemoteAgent	WARN	TLS certificate errors will be ignored for this session
1630223224452	Marionette	INFO	Stopped listening on port 59483
JavaScript error: resource:///modules/Interactions.jsm, line 209: NS_ERROR_FAILURE: Component returned failure code: 0x80004005 (NS_ERROR_FAILURE) [nsIUserIdleService.removeIdleObserver]

###!!! [Parent][RunMessage] Error: Channel closing: too late to send/recv, messages will be lost

